<?xml version="1.0" encoding="UTF-8"?>
<!-- Generated by org.testng.reporters.JUnitReportReporter -->
<testsuite hostname="DESKTOP-7RQ531E" failures="0" tests="2" name="com.eva.api.testscripts.ApiTestcases" time="14.284" errors="0" timestamp="2024-07-31T22:47:20 IST" skipped="0">
  <testcase classname="com.eva.api.testscripts.ApiTestcases" name="verifyContactInfoByGetContactById" time="1.164"/>
  <testcase classname="com.eva.api.testscripts.ApiTestcases" name="verifyCreateContact" time="13.120"/>
</testsuite> <!-- com.eva.api.testscripts.ApiTestcases -->
