<?xml version="1.0" encoding="UTF-8"?>
<!-- Generated by org.testng.reporters.JUnitReportReporter -->
<testsuite hostname="DESKTOP-7RQ531E" failures="0" tests="2" name="com.eva.api.testscripts.ApiTestcases" time="17.588" errors="0" timestamp="2024-08-01T07:49:05 IST" skipped="0">
  <testcase classname="com.eva.api.testscripts.ApiTestcases" name="verifyCreateContact" time="15.302"/>
  <testcase classname="com.eva.api.testscripts.ApiTestcases" name="verifyContactInfoByGetContactById" time="2.286"/>
</testsuite> <!-- com.eva.api.testscripts.ApiTestcases -->
